The system is: Windows - 10.0.18363 - AMD64
Compiling the C compiler identification source file "CMakeCCompilerId.c" succeeded.
Compiler: D:/Program Files/VS C++/VC/Tools/MSVC/14.24.28314/bin/HostX64/x64/cl.exe 
Build flags: 
Id flags:  

The output was:
0
Оптимизирующий компилятор Microsoft (R) C/C++ версии 19.24.28316 для x64
(C) Корпорация Майкрософт (Microsoft Corporation).  Все права защищены.

CMakeCCompilerId.c
Microsoft (R) Incremental Linker Version 14.24.28316.0
Copyright (C) Microsoft Corporation.  All rights reserved.

/out:CMakeCCompilerId.exe 
CMakeCCompilerId.obj 


Compilation of the C compiler identification source "CMakeCCompilerId.c" produced "CMakeCCompilerId.exe"

Compilation of the C compiler identification source "CMakeCCompilerId.c" produced "CMakeCCompilerId.obj"

The C compiler identification is MSVC, found in "C:/Users/Asus/Desktop/lps-master/lps-master/LPS6-master/out/build/x64-Debug/CMakeFiles/3.15.19101501-MSVC_2/CompilerIdC/CMakeCCompilerId.exe"

Compiling the CXX compiler identification source file "CMakeCXXCompilerId.cpp" succeeded.
Compiler: D:/Program Files/VS C++/VC/Tools/MSVC/14.24.28314/bin/HostX64/x64/cl.exe 
Build flags: 
Id flags:  

The output was:
0
Оптимизирующий компилятор Microsoft (R) C/C++ версии 19.24.28316 для x64
(C) Корпорация Майкрософт (Microsoft Corporation).  Все права защищены.

CMakeCXXCompilerId.cpp
Microsoft (R) Incremental Linker Version 14.24.28316.0
Copyright (C) Microsoft Corporation.  All rights reserved.

/out:CMakeCXXCompilerId.exe 
CMakeCXXCompilerId.obj 


Compilation of the CXX compiler identification source "CMakeCXXCompilerId.cpp" produced "CMakeCXXCompilerId.exe"

Compilation of the CXX compiler identification source "CMakeCXXCompilerId.cpp" produced "CMakeCXXCompilerId.obj"

The CXX compiler identification is MSVC, found in "C:/Users/Asus/Desktop/lps-master/lps-master/LPS6-master/out/build/x64-Debug/CMakeFiles/3.15.19101501-MSVC_2/CompilerIdCXX/CMakeCXXCompilerId.exe"

Determining if the C compiler works passed with the following output:
Change Dir: C:/Users/Asus/Desktop/lps-master/lps-master/LPS6-master/out/build/x64-Debug/CMakeFiles/CMakeTmp

Run Build Command(s):D:/Program Files/VS C++/Common7/IDE/CommonExtensions/Microsoft/CMake/Ninja/ninja.exe cmTC_43e39 && [1/2] Building C object CMakeFiles\cmTC_43e39.dir\testCCompiler.c.obj
[2/2] Linking C executable cmTC_43e39.exe



Detecting C compiler ABI info compiled with the following output:
Change Dir: C:/Users/Asus/Desktop/lps-master/lps-master/LPS6-master/out/build/x64-Debug/CMakeFiles/CMakeTmp

Run Build Command(s):D:/Program Files/VS C++/Common7/IDE/CommonExtensions/Microsoft/CMake/Ninja/ninja.exe cmTC_162df && [1/2] Building C object CMakeFiles\cmTC_162df.dir\CMakeCCompilerABI.c.obj
Примечание: включение файла:  D:\Program Files\VS C++\Common7\IDE\CommonExtensions\Microsoft\CMake\CMake\share\cmake-3.15\Modules\CMakeCompilerABI.h
[2/2] Linking C executable cmTC_162df.exe



Determining if the CXX compiler works passed with the following output:
Change Dir: C:/Users/Asus/Desktop/lps-master/lps-master/LPS6-master/out/build/x64-Debug/CMakeFiles/CMakeTmp

Run Build Command(s):D:/Program Files/VS C++/Common7/IDE/CommonExtensions/Microsoft/CMake/Ninja/ninja.exe cmTC_23edf && [1/2] Building CXX object CMakeFiles\cmTC_23edf.dir\testCXXCompiler.cxx.obj
[2/2] Linking CXX executable cmTC_23edf.exe



Detecting CXX compiler ABI info compiled with the following output:
Change Dir: C:/Users/Asus/Desktop/lps-master/lps-master/LPS6-master/out/build/x64-Debug/CMakeFiles/CMakeTmp

Run Build Command(s):D:/Program Files/VS C++/Common7/IDE/CommonExtensions/Microsoft/CMake/Ninja/ninja.exe cmTC_d1fb7 && [1/2] Building CXX object CMakeFiles\cmTC_d1fb7.dir\CMakeCXXCompilerABI.cpp.obj
Примечание: включение файла:  D:\Program Files\VS C++\Common7\IDE\CommonExtensions\Microsoft\CMake\CMake\share\cmake-3.15\Modules\CMakeCompilerABI.h
[2/2] Linking CXX executable cmTC_d1fb7.exe



